[ 2016-06-19T00:32:02+08:00 ] ::1 /Public/viewer/examples/c4ca4238a0b923820dcc509a6f75849b/panos/c4ca4238a0b923820dcc509a6f75849b/thumb.jpg
INFO: [ app_init ] --START--
INFO: Run Behavior\BuildLiteBehavior [ RunTime:0.000009s ]
INFO: [ app_init ] --END-- [ RunTime:0.000214s ]
ERR: 无法加载模块:Public

[ 2016-06-19T00:47:04+08:00 ] ::1 /Public/viewer/examples/c4ca4238a0b923820dcc509a6f75849b/navbar.xml
INFO: [ app_init ] --START--
INFO: Run Behavior\BuildLiteBehavior [ RunTime:0.000008s ]
INFO: [ app_init ] --END-- [ RunTime:0.000194s ]
ERR: 无法加载模块:Public

[ 2016-06-19T00:52:24+08:00 ] ::1 /Public/viewer/examples/c4ca4238a0b923820dcc509a6f75849b/navbar.xml
INFO: [ app_init ] --START--
INFO: Run Behavior\BuildLiteBehavior [ RunTime:0.000008s ]
INFO: [ app_init ] --END-- [ RunTime:0.000197s ]
ERR: 无法加载模块:Public

[ 2016-06-19T00:52:33+08:00 ] ::1 /Public/viewer/examples/c4ca4238a0b923820dcc509a6f75849b/panos/c4ca4238a0b923820dcc509a6f75849b/thumb.jpg
INFO: [ app_init ] --START--
INFO: Run Behavior\BuildLiteBehavior [ RunTime:0.000011s ]
INFO: [ app_init ] --END-- [ RunTime:0.000280s ]
ERR: 无法加载模块:Public

[ 2016-06-19T00:55:37+08:00 ] ::1 /Public/viewer/examples/c4ca4238a0b923820dcc509a6f75849b/navbar/nav.xml
INFO: [ app_init ] --START--
INFO: Run Behavior\BuildLiteBehavior [ RunTime:0.000011s ]
INFO: [ app_init ] --END-- [ RunTime:0.000282s ]
ERR: 无法加载模块:Public

[ 2016-06-19T00:56:35+08:00 ] ::1 /Public/viewer/examples/c4ca4238a0b923820dcc509a6f75849b/panos/c4ca4238a0b923820dcc509a6f75849b/thumb.jpg
INFO: [ app_init ] --START--
INFO: Run Behavior\BuildLiteBehavior [ RunTime:0.000008s ]
INFO: [ app_init ] --END-- [ RunTime:0.000196s ]
ERR: 无法加载模块:Public

[ 2016-06-19T00:57:06+08:00 ] ::1 /Public/viewer/examples/c4ca4238a0b923820dcc509a6f75849b/panos/c4ca4238a0b923820dcc509a6f75849b/thumb.jpg
INFO: [ app_init ] --START--
INFO: Run Behavior\BuildLiteBehavior [ RunTime:0.000009s ]
INFO: [ app_init ] --END-- [ RunTime:0.000211s ]
ERR: 无法加载模块:Public

[ 2016-06-19T00:58:47+08:00 ] ::1 /Public/viewer/examples/c4ca4238a0b923820dcc509a6f75849b/panos/c4ca4238a0b923820dcc509a6f75849b/thumb.jpg
INFO: [ app_init ] --START--
INFO: Run Behavior\BuildLiteBehavior [ RunTime:0.000011s ]
INFO: [ app_init ] --END-- [ RunTime:0.000240s ]
ERR: 无法加载模块:Public

[ 2016-06-19T01:00:32+08:00 ] ::1 /Public/viewer/examples/c4ca4238a0b923820dcc509a6f75849b/panos/c4ca4238a0b923820dcc509a6f75849b/thumb.jpg
INFO: [ app_init ] --START--
INFO: Run Behavior\BuildLiteBehavior [ RunTime:0.000014s ]
INFO: [ app_init ] --END-- [ RunTime:0.000322s ]
ERR: 无法加载模块:Public

[ 2016-06-19T01:00:46+08:00 ] ::1 /Public/viewer/examples/c4ca4238a0b923820dcc509a6f75849b/panos/c4ca4238a0b923820dcc509a6f75849b/thumb.jpg
INFO: [ app_init ] --START--
INFO: Run Behavior\BuildLiteBehavior [ RunTime:0.000009s ]
INFO: [ app_init ] --END-- [ RunTime:0.000214s ]
ERR: 无法加载模块:Public

[ 2016-06-19T01:00:58+08:00 ] ::1 /Public/viewer/examples/c4ca4238a0b923820dcc509a6f75849b/panos/c4ca4238a0b923820dcc509a6f75849b/thumb.jpg
INFO: [ app_init ] --START--
INFO: Run Behavior\BuildLiteBehavior [ RunTime:0.000011s ]
INFO: [ app_init ] --END-- [ RunTime:0.000270s ]
ERR: 无法加载模块:Public

[ 2016-06-19T01:02:36+08:00 ] ::1 /Public/viewer/examples/c4ca4238a0b923820dcc509a6f75849b/panos/c4ca4238a0b923820dcc509a6f75849b/thumb.jpg
INFO: [ app_init ] --START--
INFO: Run Behavior\BuildLiteBehavior [ RunTime:0.000013s ]
INFO: [ app_init ] --END-- [ RunTime:0.000259s ]
ERR: 无法加载模块:Public

[ 2016-06-19T01:02:51+08:00 ] ::1 /Public/viewer/examples/c4ca4238a0b923820dcc509a6f75849b/panos/c4ca4238a0b923820dcc509a6f75849b/thumb.jpg
INFO: [ app_init ] --START--
INFO: Run Behavior\BuildLiteBehavior [ RunTime:0.000009s ]
INFO: [ app_init ] --END-- [ RunTime:0.000204s ]
ERR: 无法加载模块:Public

[ 2016-06-19T01:03:01+08:00 ] ::1 /Public/Common/jquery-ui/images/ui-bg_flat_75_ffffff_40x100.png
INFO: [ app_init ] --START--
INFO: Run Behavior\BuildLiteBehavior [ RunTime:0.000008s ]
INFO: [ app_init ] --END-- [ RunTime:0.000172s ]
ERR: 无法加载模块:Public

[ 2016-06-19T01:03:04+08:00 ] ::1 /Public/viewer/examples/c4ca4238a0b923820dcc509a6f75849b/panos/c4ca4238a0b923820dcc509a6f75849b/thumb.jpg
INFO: [ app_init ] --START--
INFO: Run Behavior\BuildLiteBehavior [ RunTime:0.000008s ]
INFO: [ app_init ] --END-- [ RunTime:0.000175s ]
ERR: 无法加载模块:Public

[ 2016-06-19T01:17:59+08:00 ] ::1 /Public/Common/css/perfect-scrollbar.min.csss
INFO: [ app_init ] --START--
INFO: Run Behavior\BuildLiteBehavior [ RunTime:0.000008s ]
INFO: [ app_init ] --END-- [ RunTime:0.000214s ]
ERR: 无法加载模块:Public

[ 2016-06-19T01:18:21+08:00 ] ::1 /Public/Common/css/perfect-scrollbar.min.csss
INFO: [ app_init ] --START--
INFO: Run Behavior\BuildLiteBehavior [ RunTime:0.000007s ]
INFO: [ app_init ] --END-- [ RunTime:0.000210s ]
ERR: 无法加载模块:Public

[ 2016-06-19T01:18:25+08:00 ] ::1 /Public/Common/css/perfect-scrollbar.min.csss
INFO: [ app_init ] --START--
INFO: Run Behavior\BuildLiteBehavior [ RunTime:0.000008s ]
INFO: [ app_init ] --END-- [ RunTime:0.000195s ]
ERR: 无法加载模块:Public

[ 2016-06-19T01:47:24+08:00 ] ::1 /favicon.ico
INFO: [ app_init ] --START--
INFO: Run Behavior\BuildLiteBehavior [ RunTime:0.000007s ]
INFO: [ app_init ] --END-- [ RunTime:0.000194s ]
ERR: 无法加载模块:Favicon

[ 2016-06-19T01:47:42+08:00 ] ::1 /Public/Common/jquery-ui/images/ui-bg_flat_75_ffffff_40x100.png
INFO: [ app_init ] --START--
INFO: Run Behavior\BuildLiteBehavior [ RunTime:0.000006s ]
INFO: [ app_init ] --END-- [ RunTime:0.000191s ]
ERR: 无法加载模块:Public

[ 2016-06-19T01:47:46+08:00 ] ::1 /Uploads/attachment/57657f575a8a9.jpg
INFO: [ app_init ] --START--
INFO: Run Behavior\BuildLiteBehavior [ RunTime:0.000015s ]
INFO: [ app_init ] --END-- [ RunTime:0.000426s ]
ERR: 无法加载模块:Uploads

[ 2016-06-19T01:47:49+08:00 ] ::1 /Public/viewer/examples/c4ca4238a0b923820dcc509a6f75849b/panos/c4ca4238a0b923820dcc509a6f75849b/mobile_f.jpg
INFO: [ app_init ] --START--
INFO: Run Behavior\BuildLiteBehavior [ RunTime:0.000009s ]
INFO: [ app_init ] --END-- [ RunTime:0.000208s ]
ERR: 无法加载模块:Public

[ 2016-06-19T01:47:49+08:00 ] ::1 /Public/viewer/examples/c4ca4238a0b923820dcc509a6f75849b/panos/c4ca4238a0b923820dcc509a6f75849b/thumb.jpg
INFO: [ app_init ] --START--
INFO: Run Behavior\BuildLiteBehavior [ RunTime:0.000007s ]
INFO: [ app_init ] --END-- [ RunTime:0.000198s ]
ERR: 无法加载模块:Public

[ 2016-06-19T01:47:49+08:00 ] ::1 /Public/viewer/examples/c4ca4238a0b923820dcc509a6f75849b/panos/c4ca4238a0b923820dcc509a6f75849b/mobile_l.jpg
INFO: [ app_init ] --START--
INFO: Run Behavior\BuildLiteBehavior [ RunTime:0.000007s ]
INFO: [ app_init ] --END-- [ RunTime:0.000193s ]
ERR: 无法加载模块:Public

[ 2016-06-19T01:47:49+08:00 ] ::1 /Public/viewer/examples/c4ca4238a0b923820dcc509a6f75849b/panos/c4ca4238a0b923820dcc509a6f75849b/mobile_u.jpg
INFO: [ app_init ] --START--
INFO: Run Behavior\BuildLiteBehavior [ RunTime:0.000007s ]
INFO: [ app_init ] --END-- [ RunTime:0.000200s ]
ERR: 无法加载模块:Public

[ 2016-06-19T01:47:49+08:00 ] ::1 /Public/viewer/examples/c4ca4238a0b923820dcc509a6f75849b/panos/c4ca4238a0b923820dcc509a6f75849b/mobile_f.jpg
INFO: [ app_init ] --START--
INFO: Run Behavior\BuildLiteBehavior [ RunTime:0.000014s ]
INFO: [ app_init ] --END-- [ RunTime:0.000258s ]
ERR: 无法加载模块:Public

[ 2016-06-19T01:47:49+08:00 ] ::1 /Public/viewer/examples/c4ca4238a0b923820dcc509a6f75849b/panos/c4ca4238a0b923820dcc509a6f75849b/mobile_f.jpg
INFO: [ app_init ] --START--
INFO: Run Behavior\BuildLiteBehavior [ RunTime:0.000006s ]
INFO: [ app_init ] --END-- [ RunTime:0.000188s ]
ERR: 无法加载模块:Public

